<?xml version="1.0" encoding="UTF-8"?>
<!-- Generated by org.testng.reporters.JUnitReportReporter -->
<testsuite hostname="Medweb-QSG" name="requirement.CreatePlanDesign" tests="1" failures="0" timestamp="27 Mar 2017 03:43:51 GMT" time="42.360" errors="0">
  <testcase name="CreateCoveragePeriod" time="42.360" classname="requirement.CreatePlanDesign"/>
</testsuite> <!-- requirement.CreatePlanDesign -->
