<?xml version="1.0" encoding="UTF-8"?>
<!-- Generated by org.testng.reporters.JUnitReportReporter -->
<testsuite hostname="Medweb-QSG" name="requirement.CreatePlanDesign" tests="7" failures="0" timestamp="12 Apr 2017 12:07:52 GMT" time="86.082" errors="0">
  <testcase name="verifyPremiums" time="2.359" classname="requirement.CreatePlanDesign"/>
  <testcase name="verifyPremiums" time="2.422" classname="requirement.CreatePlanDesign"/>
  <testcase name="verifyPremiums" time="2.342" classname="requirement.CreatePlanDesign"/>
  <testcase name="verifyPremiums" time="2.469" classname="requirement.CreatePlanDesign"/>
  <testcase name="createCoveragePeriod" time="14.120" classname="requirement.CreatePlanDesign"/>
  <testcase name="CreatePlanDesignForCoveragePeriod" time="21.870" classname="requirement.CreatePlanDesign"/>
  <testcase name="updateEnrollmentAndCreateQualified" time="40.500" classname="requirement.CreatePlanDesign"/>
</testsuite> <!-- requirement.CreatePlanDesign -->
