<?xml version="1.0" encoding="UTF-8"?>
<!-- Generated by org.testng.reporters.JUnitReportReporter -->
<testsuite hostname="Medweb-QSG" name="requirement.Demo" tests="1" failures="0" timestamp="6 Apr 2017 05:39:06 GMT" time="0.037" errors="0">
  <testcase name="a" time="0.037" classname="requirement.Demo"/>
</testsuite> <!-- requirement.Demo -->
