<?xml version="1.0" encoding="UTF-8"?>
<!-- Generated by org.testng.reporters.JUnitReportReporter -->
<testsuite hostname="Medweb-QSG" name="requirement.Login" tests="1" failures="0" timestamp="12 Apr 2017 11:13:20 GMT" time="30.328" errors="0">
  <testcase name="loginAssertions" time="30.328" classname="requirement.Login"/>
</testsuite> <!-- requirement.Login -->
