<?xml version="1.0" encoding="UTF-8"?>
<!-- Generated by org.testng.reporters.JUnitReportReporter -->
<testsuite hostname="QSG-PC" name="requirement.LoginFacebook" tests="1" failures="0" timestamp="24 Nov 2016 09:41:00 GMT" time="43.399" errors="0">
  <testcase name="launchApplication" time="43.399" classname="requirement.LoginFacebook"/>
</testsuite> <!-- requirement.LoginFacebook -->
